{
  "generated_at_utc": "2026-06-19T15:54:15.439072+00:00",
  "source": "features.mlb_hitter_player_game_training",
  "rows": 51213,
  "status": "ok",
  "player_prior_summary": {
    "method": "date_shifted_empirical_bayes",
    "players": 778,
    "features": [
      "player_prior_pa",
      "player_prior_hit_rate",
      "player_prior_xbh_given_hit",
      "player_prior_hr_given_xbh",
      "player_prior_triple_given_non_hr_xbh",
      "player_prior_walk_given_non_hit"
    ]
  },
  "train_rows": 43473,
  "holdout_rows": 7740,
  "holdout_start": "2026-05-21",
  "holdout_end": "2026-06-17",
  "head_feature_policy": {
    "status": "applied",
    "generated_at_utc": "2026-06-19T11:27:56.168379+00:00",
    "heads": [
      "hit",
      "hr_given_xbh",
      "pa",
      "triple_given_non_hr_xbh",
      "xbh_given_hit"
    ],
    "categorical_features": [
      "team_abbr",
      "opponent_abbr",
      "batter_hand",
      "opp_sp_hand"
    ]
  },
  "metrics": {
    "pa_uncertainty": {
      "status": "trained",
      "method": "two_part_low_pa_plus_conditional_normal_pa",
      "calibration_start": "2026-04-22",
      "global": {
        "rows": 6720,
        "bias": 0.0013429849537988673,
        "sigma": 0.6443347898202698,
        "low_pa_state_probs": {
          "0": 0.2108709888670596,
          "1": 0.42370661427635886,
          "2": 0.3654223968565815
        }
      },
      "groups": {
        "bottom|away": {
          "rows": 1065,
          "bias": -0.13486418584128945,
          "sigma": 0.6297525058629729,
          "low_pa_state_probs": {
            "0": 0.17096018735362997,
            "1": 0.3770491803278688,
            "2": 0.4519906323185012
          }
        },
        "bottom|home": {
          "rows": 1056,
          "bias": -0.3068221229764186,
          "sigma": 0.6167711934186209,
          "low_pa_state_probs": {
            "0": 0.170316301703163,
            "1": 0.3795620437956204,
            "2": 0.45012165450121655
          }
        },
        "middle|away": {
          "rows": 1145,
          "bias": 0.13167064075077775,
          "sigma": 0.6243153441246972,
          "low_pa_state_probs": {
            "0": 0.26576576576576577,
            "1": 0.42792792792792794,
            "2": 0.3063063063063063
          }
        },
        "middle|home": {
          "rows": 1131,
          "bias": -0.0083677739738426,
          "sigma": 0.5857817365731393,
          "low_pa_state_probs": {
            "0": 0.17372881355932204,
            "1": 0.461864406779661,
            "2": 0.3644067796610169
          }
        },
        "top|away": {
          "rows": 1164,
          "bias": 0.11167311857748134,
          "sigma": 0.6759872822226728,
          "low_pa_state_probs": {
            "0": 0.2331288343558282,
            "1": 0.44785276073619634,
            "2": 0.31901840490797545
          }
        },
        "top|home": {
          "rows": 1159,
          "bias": 0.17719839288540717,
          "sigma": 0.5961259729473178,
          "low_pa_state_probs": {
            "0": 0.27380952380952384,
            "1": 0.43452380952380953,
            "2": 0.2916666666666667
          }
        }
      }
    },
    "pa_model": {
      "model": {
        "rows": 7740,
        "mae": 0.6884837126098725,
        "rmse": 1.006521253283901,
        "bias": -0.07742139777897063
      },
      "single_mean_model": {
        "rows": 7740,
        "mae": 0.6884837126098725,
        "rmse": 1.006521253283901,
        "bias": -0.07742139777897063
      },
      "ridge_model": {
        "rows": 7740,
        "mae": 0.8852161210703319,
        "rmse": 1.168463484746646,
        "bias": -0.02912812619566565
      },
      "boosted_model": {
        "rows": 7740,
        "mae": 0.6884837126098725,
        "rmse": 1.006521253283901,
        "bias": -0.07742139777897063
      },
      "single_mean_selected": "boosted_lgbm",
      "two_part_model": {
        "rows": 7740,
        "mae": 0.7451034833881749,
        "rmse": 0.9787433032843718,
        "bias": 0.041590495052916863
      },
      "two_part": {
        "enabled": false,
        "low_pa_rows": 1449,
        "low_pa_rate": 0.1872093023255814,
        "low_pa_model_brier": 0.08604251696185881,
        "low_pa_baseline_brier": 0.1523015282928502,
        "leakage_safe_low_pa_rows": 0,
        "leakage_safe_low_pa_brier": null,
        "leakage_safe_low_pa_baseline_brier": null,
        "activation_reason": "insufficient_pregame_low_pa_rows",
        "normal_pa_rows": 6291,
        "normal_pa_mae": 0.4509700689088532,
        "low_pa_conditional_mean": 1.1545514079895218
      },
      "slot_prior": {
        "rows": 7740,
        "mae": 0.9449555344172704,
        "rmse": 1.2905324584801552,
        "bias": -0.022251515513519532
      },
      "existing_projected_pa": {
        "rows": 7663,
        "mae": 0.8887205371513084,
        "rmse": 1.1824865443761126,
        "bias": -0.029858327688811827
      }
    },
    "rate_models": {
      "single_rate": {
        "rate_rows": 7437,
        "count_model": {
          "rows": 7437,
          "mae": 0.5894675091884328,
          "rmse": 0.70316579381499,
          "bias": 0.017499494437153457
        },
        "slot_rate_prior": {
          "rows": 7437,
          "mae": 0.602937983606962,
          "rmse": 0.7089090518466602,
          "bias": 0.009973727681718147
        }
      },
      "double_rate": {
        "rate_rows": 7437,
        "count_model": {
          "rows": 7437,
          "mae": 0.2553563359542236,
          "rmse": 0.3898641074127832,
          "bias": 0.005634219813496198
        },
        "slot_rate_prior": {
          "rows": 7437,
          "mae": 0.26292869383422535,
          "rmse": 0.38921449971530203,
          "bias": -0.003222938105774597
        }
      },
      "triple_rate": {
        "rate_rows": 7437,
        "count_model": {
          "rows": 7437,
          "mae": 0.027253034377182846,
          "rmse": 0.12164864247824893,
          "bias": 0.0012605015683616865
        },
        "slot_rate_prior": {
          "rows": 7437,
          "mae": 0.02590266984796597,
          "rmse": 0.12183583839664937,
          "bias": 0.0027852266410445838
        }
      },
      "hr_rate": {
        "rate_rows": 7437,
        "count_model": {
          "rows": 7437,
          "mae": 0.20133985754786132,
          "rmse": 0.34940941780022533,
          "bias": 0.01720603872588352
        },
        "slot_rate_prior": {
          "rows": 7437,
          "mae": 0.2080956262004034,
          "rmse": 0.3524782146947306,
          "bias": 0.014422397395043468
        }
      },
      "walk_rate": {
        "rate_rows": 7437,
        "count_model": {
          "rows": 7437,
          "mae": 0.4612914279606683,
          "rmse": 0.561271243592912,
          "bias": -0.02608971902744083
        },
        "slot_rate_prior": {
          "rows": 7437,
          "mae": 0.4603652004999145,
          "rmse": 0.5624352073901071,
          "bias": -0.0011040759503054276
        }
      }
    },
    "structured_counts": {
      "rows": 7437,
      "hits": {
        "rows": 7437,
        "mae": 0.6716841387292013,
        "rmse": 0.851500085081898,
        "bias": 0.04160025454489487
      },
      "total_bases": {
        "rows": 7437,
        "mae": 1.2782792493716704,
        "rmse": 1.7204804506961833,
        "bias": 0.101373593672765
      },
      "home_runs": {
        "rows": 7437,
        "mae": 0.20133985754786132,
        "rmse": 0.34940941780022533,
        "bias": 0.01720603872588352
      },
      "slot_prior_hits": {
        "rows": 7437,
        "mae": 0.6803886391136786,
        "rmse": 0.8607886348906663,
        "bias": 0.023958413612031597
      },
      "slot_prior_total_bases": {
        "rows": 7437,
        "mae": 1.2733135918999876,
        "rmse": 1.7501885388821472,
        "bias": 0.20542987951069325
      },
      "slot_prior_home_runs": {
        "rows": 7437,
        "mae": 0.2080956262004034,
        "rmse": 0.3524782146947306,
        "bias": 0.014422397395043468
      }
    },
    "direct_event_model": {
      "train_player_games": 41773,
      "train_event_rows": 155952,
      "holdout_rows": 7437,
      "hierarchical_conditional": {
        "heads": [
          "hit",
          "hr_given_xbh",
          "triple_given_non_hr_xbh",
          "walk_given_non_hit",
          "xbh_given_hit"
        ],
        "weighted_event_log_loss": 0.9994664574198194,
        "weighted_event_brier": 0.4856264902074386,
        "event_rates": {
          "rows": 7437,
          "actual_pa": 27595.0,
          "out": {
            "actual_per_pa": 0.6930240985685813,
            "pred_mean_prob": 0.6975583406113771,
            "bias_per_pa": -0.004534242042795844
          },
          "walk": {
            "actual_per_pa": 0.08617503170864287,
            "pred_mean_prob": 0.09005331260325442,
            "bias_per_pa": -0.0038782808946115493
          },
          "single": {
            "actual_per_pa": 0.14194600471099836,
            "pred_mean_prob": 0.13926872143479796,
            "bias_per_pa": 0.0026772832762003984
          },
          "double": {
            "actual_per_pa": 0.04113063960862475,
            "pred_mean_prob": 0.041580086156191035,
            "bias_per_pa": -0.00044944654756628316
          },
          "triple": {
            "actual_per_pa": 0.003913752491393368,
            "pred_mean_prob": 0.003090963132672776,
            "bias_per_pa": 0.0008227893587205923
          },
          "hr": {
            "actual_per_pa": 0.03381047291175938,
            "pred_mean_prob": 0.028448576061706678,
            "bias_per_pa": 0.0053618968500527
          },
          "mean_row_weight": 3.710501546322442
        },
        "hits": {
          "rows": 7437,
          "mae": 0.6762761862727682,
          "rmse": 0.8563735022154185,
          "bias": 0.011432567073344368
        },
        "total_bases": {
          "rows": 7437,
          "mae": 1.2986731286341124,
          "rmse": 1.7300940903157984,
          "bias": 0.06001864501949855
        },
        "home_runs": {
          "rows": 7437,
          "mae": 0.2038122110772985,
          "rmse": 0.35055849419826224,
          "bias": 0.016273050500827647
        }
      },
      "model_selection": {
        "hierarchical_composite": 2.2789627848247735,
        "hierarchical_brier": 0.4856264902074386,
        "hierarchical_log_loss": 0.9994664574198194,
        "selected": "hierarchical_conditional_lgbm"
      },
      "active_event_model": "hierarchical_conditional_lgbm",
      "classes": [
        "out",
        "walk",
        "single",
        "double",
        "triple",
        "hr"
      ],
      "weighted_event_log_loss": 0.9994664574198194,
      "weighted_event_brier": 0.4856264902074386,
      "event_rates": {
        "rows": 7437,
        "actual_pa": 27595.0,
        "out": {
          "actual_per_pa": 0.6930240985685813,
          "pred_mean_prob": 0.6975583406113771,
          "bias_per_pa": -0.004534242042795844
        },
        "walk": {
          "actual_per_pa": 0.08617503170864287,
          "pred_mean_prob": 0.09005331260325442,
          "bias_per_pa": -0.0038782808946115493
        },
        "single": {
          "actual_per_pa": 0.14194600471099836,
          "pred_mean_prob": 0.13926872143479796,
          "bias_per_pa": 0.0026772832762003984
        },
        "double": {
          "actual_per_pa": 0.04113063960862475,
          "pred_mean_prob": 0.041580086156191035,
          "bias_per_pa": -0.00044944654756628316
        },
        "triple": {
          "actual_per_pa": 0.003913752491393368,
          "pred_mean_prob": 0.003090963132672776,
          "bias_per_pa": 0.0008227893587205923
        },
        "hr": {
          "actual_per_pa": 0.03381047291175938,
          "pred_mean_prob": 0.028448576061706678,
          "bias_per_pa": 0.0053618968500527
        },
        "mean_row_weight": 3.710501546322442
      },
      "hits": {
        "rows": 7437,
        "mae": 0.6762761862727682,
        "rmse": 0.8563735022154185,
        "bias": 0.011432567073344368
      },
      "total_bases": {
        "rows": 7437,
        "mae": 1.2986731286341124,
        "rmse": 1.7300940903157984,
        "bias": 0.06001864501949855
      },
      "home_runs": {
        "rows": 7437,
        "mae": 0.2038122110772985,
        "rmse": 0.35055849419826224,
        "bias": 0.016273050500827647
      },
      "tb_state_distribution": {
        "rows": 7437,
        "multiclass_brier": 0.6901044405936777,
        "log_loss": 1.3294801602772064,
        "states": [
          "tb_0",
          "tb_1",
          "tb_2_3",
          "tb_4_plus_hr",
          "tb_4_plus_non_hr"
        ],
        "predicted_rates": {
          "tb_0": 0.442615817334889,
          "tb_1": 0.24618168506234483,
          "tb_2_3": 0.18865526871481778,
          "tb_4_plus_hr": 0.09996972466956125,
          "tb_4_plus_non_hr": 0.022577504218387258
        },
        "actual_rates": {
          "tb_0": 0.4309533414011026,
          "tb_1": 0.23665456501277396,
          "tb_2_3": 0.1889202635471292,
          "tb_4_plus_hr": 0.11765496840123706,
          "tb_4_plus_non_hr": 0.02581686163775716
        }
      },
      "tb_state_residual": {
        "method": "gated_direct_state_candidates_with_hr_tail_hierarchy",
        "states": [
          "tb_0",
          "tb_1",
          "tb_2_3",
          "tb_4_plus_hr",
          "tb_4_plus_non_hr"
        ],
        "base_holdout": {
          "rows": 7437,
          "multiclass_brier": 0.6901044405936777,
          "log_loss": 1.3294801602772064,
          "predicted_rates": {
            "tb_0": 0.442615817334889,
            "tb_1": 0.24618168506234483,
            "tb_2_3": 0.18865526871481778,
            "tb_4_plus_hr": 0.09996972466956125,
            "tb_4_plus_non_hr": 0.022577504218387258
          },
          "actual_rates": {
            "tb_0": 0.4309533414011026,
            "tb_1": 0.23665456501277396,
            "tb_2_3": 0.1889202635471292,
            "tb_4_plus_hr": 0.11765496840123706,
            "tb_4_plus_non_hr": 0.02581686163775716
          },
          "hr_driven_4_plus": {
            "actual_rate": 0.11765496840123706,
            "avg_probability": 0.09996972466956125,
            "calibration_error": -0.017685243731675807,
            "brier": 0.10145735239570562
          }
        },
        "candidate_holdout": {
          "one_vs_rest": {
            "rows": 7437,
            "multiclass_brier": 0.6939965333350042,
            "log_loss": 1.338725406610018,
            "predicted_rates": {
              "tb_0": 0.4366458452158009,
              "tb_1": 0.24710753541995265,
              "tb_2_3": 0.1902976802550967,
              "tb_4_plus_hr": 0.10081294365833848,
              "tb_4_plus_non_hr": 0.025135995450811202
            },
            "actual_rates": {
              "tb_0": 0.4309533414011026,
              "tb_1": 0.23665456501277396,
              "tb_2_3": 0.1889202635471292,
              "tb_4_plus_hr": 0.11765496840123706,
              "tb_4_plus_non_hr": 0.02581686163775716
            },
            "hr_driven_4_plus": {
              "actual_rate": 0.11765496840123706,
              "avg_probability": 0.10081294365833848,
              "calibration_error": -0.016842024742898573,
              "brier": 0.10157893781612833
            }
          },
          "hierarchical_hr_tail": {
            "rows": 7437,
            "multiclass_brier": 0.6929926784658873,
            "log_loss": 1.3350783744097878,
            "predicted_rates": {
              "tb_0": 0.43608005464413807,
              "tb_1": 0.2474600801562161,
              "tb_2_3": 0.1894499180965105,
              "tb_4_plus_hr": 0.10195913348986449,
              "tb_4_plus_non_hr": 0.02505081361327087
            },
            "actual_rates": {
              "tb_0": 0.4309533414011026,
              "tb_1": 0.23665456501277396,
              "tb_2_3": 0.1889202635471292,
              "tb_4_plus_hr": 0.11765496840123706,
              "tb_4_plus_non_hr": 0.02581686163775716
            },
            "hr_driven_4_plus": {
              "actual_rate": 0.11765496840123706,
              "avg_probability": 0.10195913348986449,
              "calibration_error": -0.015695834911372566,
              "brier": 0.10138424257809854
            }
          }
        },
        "candidate_hr_tail_logit_offsets": {
          "one_vs_rest": 0.0007995879346308692,
          "hierarchical_hr_tail": -0.001027302554356605
        },
        "enabled": false,
        "reason": "no_joint_validation_gain",
        "selected_candidate": "convolution",
        "alpha": 0.0,
        "tune_end": "2026-06-03",
        "validation_start": "2026-06-04",
        "candidates": [
          {
            "candidate": "one_vs_rest",
            "alpha": 0.25,
            "tune_brier": 0.6836567116067345,
            "tune_hr_tail_brier": 0.09553051113334068,
            "tune_joint_loss": 0.7791872227400751
          },
          {
            "candidate": "one_vs_rest",
            "alpha": 0.5,
            "tune_brier": 0.6845635839968562,
            "tune_hr_tail_brier": 0.09553057163191554,
            "tune_joint_loss": 0.7800941556287718
          },
          {
            "candidate": "one_vs_rest",
            "alpha": 0.75,
            "tune_brier": 0.6859263974422734,
            "tune_hr_tail_brier": 0.09557883428745445,
            "tune_joint_loss": 0.7815052317297277
          },
          {
            "candidate": "one_vs_rest",
            "alpha": 1.0,
            "tune_brier": 0.6877451519429861,
            "tune_hr_tail_brier": 0.09567529909995744,
            "tune_joint_loss": 0.7834204510429436
          },
          {
            "candidate": "hierarchical_hr_tail",
            "alpha": 0.25,
            "tune_brier": 0.6832310070393357,
            "tune_hr_tail_brier": 0.09546453570506369,
            "tune_joint_loss": 0.7786955427443993
          },
          {
            "candidate": "hierarchical_hr_tail",
            "alpha": 0.5,
            "tune_brier": 0.6837076283327396,
            "tune_hr_tail_brier": 0.09539426625422495,
            "tune_joint_loss": 0.7791018945869645
          },
          {
            "candidate": "hierarchical_hr_tail",
            "alpha": 0.75,
            "tune_brier": 0.6846356441521199,
            "tune_hr_tail_brier": 0.09536784443921366,
            "tune_joint_loss": 0.7800034885913335
          },
          {
            "candidate": "hierarchical_hr_tail",
            "alpha": 1.0,
            "tune_brier": 0.6860150544974769,
            "tune_hr_tail_brier": 0.0953852702600298,
            "tune_joint_loss": 0.7814003247575068
          },
          {
            "candidate": "convolution",
            "alpha": 0.0,
            "tune_brier": 0.6832057802719085,
            "tune_hr_tail_brier": 0.09557865279172985,
            "tune_joint_loss": 0.7787844330636383
          }
        ],
        "base_validation": {
          "rows": 3704,
          "multiclass_brier": 0.6970571131047915,
          "log_loss": 1.3442973952750221,
          "predicted_rates": {
            "tb_0": 0.44170569645046837,
            "tb_1": 0.24522243531417037,
            "tb_2_3": 0.18719583568368708,
            "tb_4_plus_hr": 0.10334251200651376,
            "tb_4_plus_non_hr": 0.022533520545160494
          },
          "actual_rates": {
            "tb_0": 0.4200863930885529,
            "tb_1": 0.24028077753779697,
            "tb_2_3": 0.18763498920086394,
            "tb_4_plus_hr": 0.12607991360691145,
            "tb_4_plus_non_hr": 0.02591792656587473
          },
          "hr_driven_4_plus": {
            "actual_rate": 0.12607991360691145,
            "avg_probability": 0.10334251200651376,
            "calibration_error": -0.022737401600397694,
            "brier": 0.10738207853545768
          }
        },
        "blended_validation": {
          "rows": 3704,
          "multiclass_brier": 0.6971109600978443,
          "log_loss": 1.3442507200314424,
          "predicted_rates": {
            "tb_0": 0.4403561184535043,
            "tb_1": 0.2453382600518338,
            "tb_2_3": 0.18748501279453242,
            "tb_4_plus_hr": 0.10363040529021297,
            "tb_4_plus_non_hr": 0.023190203409916524
          },
          "actual_rates": {
            "tb_0": 0.4200863930885529,
            "tb_1": 0.24028077753779697,
            "tb_2_3": 0.18763498920086394,
            "tb_4_plus_hr": 0.12607991360691145,
            "tb_4_plus_non_hr": 0.02591792656587473
          },
          "hr_driven_4_plus": {
            "actual_rate": 0.12607991360691145,
            "avg_probability": 0.10363040529021297,
            "calibration_error": -0.02244950831669848,
            "brier": 0.1073286579079345
          }
        },
        "validation_brier_gain": -5.3846993052886205e-05,
        "validation_hr_tail_brier_gain": 5.342062752318466e-05
      }
    },
    "hr_any_model": {
      "rows": 7437,
      "model_brier": 0.10062996017865473,
      "prior_brier": 0.10390945827889252,
      "model_log_loss": 0.34548070335025777,
      "prior_log_loss": 0.36271877397370395,
      "auc": 0.6671814342317238,
      "base_rate": 0.10779690230531683
    },
    "existing_prop_projection_holdout": {
      "hits": {
        "rows": 3346,
        "mae": 0.6928980589378079,
        "rmse": 0.881660565786504,
        "bias": 0.03548430614348129
      },
      "total_bases": {
        "rows": 3176,
        "mae": 1.381163622381152,
        "rmse": 1.840952577248881,
        "bias": 0.1334823361470952
      },
      "home_runs": {
        "rows": 3006,
        "mae": 0.2532285983588379,
        "rmse": 0.3802148488080895,
        "bias": -0.007330172987358619
      }
    }
  },
  "feature_coverage": {
    "lineup_slot": 0.9999414211235429,
    "confirmed_starter_num": 1.0,
    "is_home": 1.0,
    "team_implied_runs": 0.9940249546013707,
    "opponent_implied_runs": 0.9940249546013707,
    "game_total_line": 0.43295647589479236,
    "park_run_factor": 0.8052447620721301,
    "park_hr_factor": 0.8052447620721301,
    "park_babip_factor": 1.0,
    "temperature_f": 0.42996895319547773,
    "wind_speed_mph": 0.42996895319547773,
    "wind_sin": 0.42996895319547773,
    "wind_cos": 0.42996895319547773,
    "precip_prob_pct": 0.42996895319547773,
    "is_dome": 1.0,
    "is_day_game": 1.0,
    "weather_pregame_flag": 1.0,
    "own_lineup_xwoba_avg": 1.0,
    "own_lineup_xslg_avg": 1.0,
    "own_lineup_barrel_avg": 1.0,
    "own_lineup_hard_hit_avg": 1.0,
    "own_lineup_k_pct_cv": 0.9940249546013707,
    "own_lineup_pct_lhb": 1.0,
    "lineup_confirmed_flag": 1.0,
    "confirmed_team_lineup_slots": 1.0,
    "team_lineup_confirmed_flag": 1.0,
    "lineup_boxscore_proxy_flag": 1.0,
    "lineup_slot_x_team_implied_runs": 0.9939663757249136,
    "opp_sp_hand_l": 1.0,
    "opp_sp_k_pct_10": 0.9200203073438384,
    "opp_sp_bb_pct": 0.9171694686895905,
    "opp_sp_xwoba": 1.0,
    "opp_sp_hard_hit_pct": 0.9991603694374476,
    "opp_sp_whiff_pct": 0.9171694686895905,
    "opp_bp_era_10": 0.9940249546013707,
    "opp_bp_whip_10": 0.9940249546013707,
    "opp_bp_k9_10": 0.9940249546013707,
    "opp_bp_ip_last_3": 1.0,
    "opp_bp_ip_last_7": 1.0,
    "opp_team_k_pct_10": 0.9940249546013707,
    "opp_team_avg_10": 0.9940249546013707,
    "opp_team_obp_10": 0.9940249546013707,
    "opp_team_slg_10": 0.9940249546013707,
    "batter_vs_hand_hits_avg_10": 0.9157049967781618,
    "batter_vs_hand_tb_avg_10": 0.9157049967781618,
    "batter_vs_hand_hr_avg_10": 0.9157049967781618,
    "batter_vs_hand_iso_avg_10": 0.9157049967781618,
    "batter_vs_hand_k_rate_10": 0.9157049967781618,
    "batter_vs_hand_games_10": 0.9502860601800324,
    "batter_vs_rp_ba_30": 0.9428855954542792,
    "batter_vs_rp_slg_30": 0.9428855954542792,
    "batter_vs_rp_hr_rate_30": 0.9428855954542792,
    "batter_vs_rp_k_rate_30": 0.9428855954542792,
    "batter_sc_barrel_rate": 0.8821393005682151,
    "batter_sc_hard_hit_pct": 0.8821393005682151,
    "batter_sc_avg_exit_velo": 0.8821393005682151,
    "batter_sc_avg_launch_angle": 0.8821393005682151,
    "batter_sc_sweet_spot_pct": 0.8821393005682151,
    "batter_sc_fb_pct": 0.8821393005682151,
    "batter_sc_gb_pct": 0.8821393005682151,
    "batter_sc_ld_pct": 0.8821393005682151,
    "batter_sc_xba": 0.8821393005682151,
    "batter_sc_xslg": 0.8821393005682151,
    "batter_sc_xwoba": 0.8821393005682151,
    "batter_sc_xiso": 0.8821393005682151,
    "batter_sc_brl_pa": 0.8821393005682151,
    "batter_sprint_speed": 0.8689785796575088,
    "batter_disc_oz_swing_pct": 0.8548415441391835,
    "batter_disc_iz_contact_pct": 0.8548415441391835,
    "batter_disc_oz_contact_pct": 0.8548415441391835,
    "batter_disc_whiff_pct": 0.8548415441391835,
    "batter_disc_out_zone_pct": 0.8548415441391835,
    "batter_disc_k_pct": 0.8548415441391835,
    "batter_disc_bb_pct": 0.8548415441391835,
    "opp_sp_sc_barrel_rate": 0.8654443207779274,
    "opp_sp_sc_hard_hit_pct": 0.8654443207779274,
    "opp_sp_sc_avg_exit_velo": 0.8654443207779274,
    "opp_sp_sc_avg_launch_angle": 0.8654443207779274,
    "opp_sp_sc_xba": 0.8654443207779274,
    "opp_sp_sc_xslg": 0.8654443207779274,
    "opp_sp_sc_xwoba": 0.8654443207779274,
    "opp_sp_sc_xiso": 0.8654443207779274,
    "opp_sp_fb_pct": 0.6796321246558491,
    "opp_sp_fb_hard_hit_pct": 0.6796321246558491,
    "opp_sp_fb_xwoba": 0.6796321246558491,
    "opp_sp_fb_run_value_per_100": 0.6796321246558491,
    "opp_sp_fb_whiff_pct": 0.6796321246558491,
    "opp_sp_fb_k_pct": 0.6796321246558491,
    "opp_sp_si_pct": 0.4346357370198973,
    "opp_sp_si_hard_hit_pct": 0.4346357370198973,
    "opp_sp_si_xwoba": 0.4346357370198973,
    "opp_sp_si_whiff_pct": 0.4346357370198973,
    "opp_sp_si_k_pct": 0.4346357370198973,
    "opp_sp_sl_pct": 0.3584441450412981,
    "opp_sp_sl_hard_hit_pct": 0.3584441450412981,
    "opp_sp_sl_xwoba": 0.3584441450412981,
    "opp_sp_sl_run_value_per_100": 0.3584441450412981,
    "opp_sp_sl_whiff_pct": 0.3584441450412981,
    "opp_sp_sl_k_pct": 0.3584441450412981,
    "opp_sp_ch_pct": 0.36336477066369866,
    "opp_sp_ch_hard_hit_pct": 0.36336477066369866,
    "opp_sp_ch_xwoba": 0.36336477066369866,
    "opp_sp_ch_run_value_per_100": 0.36336477066369866,
    "opp_sp_ch_whiff_pct": 0.36336477066369866,
    "opp_sp_ch_k_pct": 0.36336477066369866,
    "opp_sp_fastball_family_pct": 0.7822427899166228,
    "opp_sp_pitch_diversity": 0.7902876222834047,
    "projected_pa": 0.9901587487551988,
    "pa_games": 1.0,
    "lineup_slot_pa_prior": 0.0,
    "lineup_slot_low_pa_prior": 0.0,
    "top_order_flag": 0.0,
    "middle_order_flag": 0.0,
    "bottom_order_flag": 0.0,
    "projected_pa_slot_delta": 0.0,
    "projected_pa_x_slot_prior": 0.0,
    "implied_run_diff": 0.0,
    "abs_implied_run_diff": 0.0,
    "favorite_flag": 0.0,
    "underdog_flag": 0.0,
    "close_game_flag": 0.0,
    "blowout_risk": 0.0,
    "high_total_flag": 0.0,
    "low_total_flag": 0.0,
    "home_favorite_ninth_penalty": 0.0,
    "away_trailing_extra_pa_chance": 0.0,
    "slot_prior_x_home_ninth_penalty": 0.0,
    "slot_prior_x_blowout_risk": 0.0,
    "projected_pa_x_implied_runs": 0.0,
    "projected_pa_x_close_game": 0.0,
    "catcher_flag": 0.0,
    "catcher_low_pa_risk": 0.0,
    "platoon_same_hand_flag": 0.0,
    "platoon_advantage_flag": 0.0,
    "batter_hand_known_flag": 0.0,
    "opp_sp_hand_known_flag": 0.0,
    "player_prior_pa": 1.0,
    "player_prior_hit_rate": 1.0,
    "player_prior_xbh_given_hit": 1.0,
    "player_prior_hr_given_xbh": 1.0,
    "player_prior_triple_given_non_hr_xbh": 1.0,
    "player_prior_walk_given_non_hit": 1.0,
    "team_abbr": 1.0,
    "opponent_abbr": 1.0,
    "lineup_source": 1.0,
    "starter_status_source": 1.0,
    "primary_position": 1.0,
    "batter_hand": 1.0,
    "opp_sp_hand": 1.0
  },
  "recommendation": {
    "production_status": "diagnostic_only",
    "reason": "Require repeated holdout gains before replacing prop projections.",
    "holdout_rows": 7740,
    "pa_mae_gain_vs_slot_prior": 0.2564718218073979,
    "hits_mae_gain_vs_slot_rate_prior": 0.008704500384477343,
    "tb_mae_gain_vs_slot_rate_prior": -0.004965657471682761,
    "hr_mae_gain_vs_slot_rate_prior": 0.006755768652542071,
    "direct_event_hits_mae_gain_vs_independent_rates": -0.004592047543566902,
    "direct_event_tb_mae_gain_vs_independent_rates": -0.02039387926244207,
    "direct_event_hr_mae_gain_vs_independent_rates": -0.0024723535294371712,
    "direct_event_hits_mae_gain_vs_slot_prior": 0.004112452840910441,
    "direct_event_tb_mae_gain_vs_slot_prior": -0.025359536734124832,
    "hr_any_brier_gain_vs_prior": 0.003279498100237782,
    "passes_basic_gate": false
  }
}
